Vivado Simulator 2019.2
Time resolution is 1 ps
Error: RW# - tKHCX violation
Time: 500 ps  Iteration: 0  Process: /Interface_tb2/DUT/SRAM1/hold_check  File: F:/vivado_proj/Interface_SRAM/TP/TP.srcs/sources_1/imports/Dubois/ram/mt55l512y36f.vhd
Error: Dq - tKHDX violation
Time: 30500 ps  Iteration: 0  Process: /Interface_tb2/DUT/SRAM1/hold_check  File: F:/vivado_proj/Interface_SRAM/TP/TP.srcs/sources_1/imports/Dubois/ram/mt55l512y36f.vhd
Error: Addr - tKHAX violation
Time: 60500 ps  Iteration: 0  Process: /Interface_tb2/DUT/SRAM1/hold_check  File: F:/vivado_proj/Interface_SRAM/TP/TP.srcs/sources_1/imports/Dubois/ram/mt55l512y36f.vhd
Error: RW# - tKHCX violation
Time: 60500 ps  Iteration: 0  Process: /Interface_tb2/DUT/SRAM1/hold_check  File: F:/vivado_proj/Interface_SRAM/TP/TP.srcs/sources_1/imports/Dubois/ram/mt55l512y36f.vhd
Error: Addr - tKHAX violation
Time: 90500 ps  Iteration: 0  Process: /Interface_tb2/DUT/SRAM1/hold_check  File: F:/vivado_proj/Interface_SRAM/TP/TP.srcs/sources_1/imports/Dubois/ram/mt55l512y36f.vhd
Error: Addr - tKHAX violation
Time: 120500 ps  Iteration: 0  Process: /Interface_tb2/DUT/SRAM1/hold_check  File: F:/vivado_proj/Interface_SRAM/TP/TP.srcs/sources_1/imports/Dubois/ram/mt55l512y36f.vhd
Error: Dq - tKHDX violation
Time: 120500 ps  Iteration: 0  Process: /Interface_tb2/DUT/SRAM1/hold_check  File: F:/vivado_proj/Interface_SRAM/TP/TP.srcs/sources_1/imports/Dubois/ram/mt55l512y36f.vhd
Error: Addr - tKHAX violation
Time: 150500 ps  Iteration: 0  Process: /Interface_tb2/DUT/SRAM1/hold_check  File: F:/vivado_proj/Interface_SRAM/TP/TP.srcs/sources_1/imports/Dubois/ram/mt55l512y36f.vhd
Error: Dq - tKHDX violation
Time: 150500 ps  Iteration: 0  Process: /Interface_tb2/DUT/SRAM1/hold_check  File: F:/vivado_proj/Interface_SRAM/TP/TP.srcs/sources_1/imports/Dubois/ram/mt55l512y36f.vhd
Error: Addr - tKHAX violation
Time: 180500 ps  Iteration: 0  Process: /Interface_tb2/DUT/SRAM1/hold_check  File: F:/vivado_proj/Interface_SRAM/TP/TP.srcs/sources_1/imports/Dubois/ram/mt55l512y36f.vhd
Error: RW# - tKHCX violation
Time: 180500 ps  Iteration: 0  Process: /Interface_tb2/DUT/SRAM1/hold_check  File: F:/vivado_proj/Interface_SRAM/TP/TP.srcs/sources_1/imports/Dubois/ram/mt55l512y36f.vhd
Error: Dq - tKHDX violation
Time: 180500 ps  Iteration: 0  Process: /Interface_tb2/DUT/SRAM1/hold_check  File: F:/vivado_proj/Interface_SRAM/TP/TP.srcs/sources_1/imports/Dubois/ram/mt55l512y36f.vhd
Error: Addr - tKHAX violation
Time: 210500 ps  Iteration: 0  Process: /Interface_tb2/DUT/SRAM1/hold_check  File: F:/vivado_proj/Interface_SRAM/TP/TP.srcs/sources_1/imports/Dubois/ram/mt55l512y36f.vhd
Error: Dq - tKHDX violation
Time: 210500 ps  Iteration: 0  Process: /Interface_tb2/DUT/SRAM1/hold_check  File: F:/vivado_proj/Interface_SRAM/TP/TP.srcs/sources_1/imports/Dubois/ram/mt55l512y36f.vhd
Error: Addr - tKHAX violation
Time: 240500 ps  Iteration: 0  Process: /Interface_tb2/DUT/SRAM1/hold_check  File: F:/vivado_proj/Interface_SRAM/TP/TP.srcs/sources_1/imports/Dubois/ram/mt55l512y36f.vhd
Error: Addr - tKHAX violation
Time: 270500 ps  Iteration: 0  Process: /Interface_tb2/DUT/SRAM1/hold_check  File: F:/vivado_proj/Interface_SRAM/TP/TP.srcs/sources_1/imports/Dubois/ram/mt55l512y36f.vhd
